[0.635s] Invoking command in '/home/z1mmer/Documents/robotics/upmoon25/src/bbot': PYTHONPATH=/home/z1mmer/Documents/robotics/upmoon25/build/bbot/prefix_override:/usr/lib/python3/dist-packages/colcon_core/task/python/colcon_distutils_commands:/home/z1mmer/Documents/robotics/upmoon25/install/bbot/lib/python3.10/site-packages:${PYTHONPATH} /usr/bin/python3 -W ignore:setup.py install is deprecated setup.py egg_info --egg-base ../../build/bbot build --build-base /home/z1mmer/Documents/robotics/upmoon25/build/bbot/build install --record /home/z1mmer/Documents/robotics/upmoon25/build/bbot/install.log --single-version-externally-managed install_data
[0.898s] running egg_info
[0.899s] writing ../../build/bbot/bbot.egg-info/PKG-INFO
[0.899s] writing dependency_links to ../../build/bbot/bbot.egg-info/dependency_links.txt
[0.899s] writing entry points to ../../build/bbot/bbot.egg-info/entry_points.txt
[0.900s] writing requirements to ../../build/bbot/bbot.egg-info/requires.txt
[0.900s] writing top-level names to ../../build/bbot/bbot.egg-info/top_level.txt
[0.901s] reading manifest file '../../build/bbot/bbot.egg-info/SOURCES.txt'
[0.901s] adding license file 'LICENSE'
[0.902s] writing manifest file '../../build/bbot/bbot.egg-info/SOURCES.txt'
[0.902s] running build
[0.902s] running build_py
[0.902s] copying bbot/bbot_driver.py -> /home/z1mmer/Documents/robotics/upmoon25/build/bbot/build/lib/bbot
[0.903s] copying bbot/bbot_bot.py -> /home/z1mmer/Documents/robotics/upmoon25/build/bbot/build/lib/bbot
[0.903s] running install
[0.903s] running install_lib
[0.904s] copying /home/z1mmer/Documents/robotics/upmoon25/build/bbot/build/lib/bbot/bbot_driver.py -> /home/z1mmer/Documents/robotics/upmoon25/install/bbot/lib/python3.10/site-packages/bbot
[0.904s] copying /home/z1mmer/Documents/robotics/upmoon25/build/bbot/build/lib/bbot/bbot_bot.py -> /home/z1mmer/Documents/robotics/upmoon25/install/bbot/lib/python3.10/site-packages/bbot
[0.904s] byte-compiling /home/z1mmer/Documents/robotics/upmoon25/install/bbot/lib/python3.10/site-packages/bbot/bbot_driver.py to bbot_driver.cpython-310.pyc
[0.905s] byte-compiling /home/z1mmer/Documents/robotics/upmoon25/install/bbot/lib/python3.10/site-packages/bbot/bbot_bot.py to bbot_bot.cpython-310.pyc
[0.906s] running install_data
[0.906s] running install_egg_info
[0.907s] removing '/home/z1mmer/Documents/robotics/upmoon25/install/bbot/lib/python3.10/site-packages/bbot-0.0.0-py3.10.egg-info' (and everything under it)
[0.907s] Copying ../../build/bbot/bbot.egg-info to /home/z1mmer/Documents/robotics/upmoon25/install/bbot/lib/python3.10/site-packages/bbot-0.0.0-py3.10.egg-info
[0.908s] running install_scripts
[0.934s] Installing driver script to /home/z1mmer/Documents/robotics/upmoon25/install/bbot/lib/bbot
[0.934s] Installing keyboard_subscriber script to /home/z1mmer/Documents/robotics/upmoon25/install/bbot/lib/bbot
[0.935s] writing list of installed files to '/home/z1mmer/Documents/robotics/upmoon25/build/bbot/install.log'
[0.968s] Invoked command in '/home/z1mmer/Documents/robotics/upmoon25/src/bbot' returned '0': PYTHONPATH=/home/z1mmer/Documents/robotics/upmoon25/build/bbot/prefix_override:/usr/lib/python3/dist-packages/colcon_core/task/python/colcon_distutils_commands:/home/z1mmer/Documents/robotics/upmoon25/install/bbot/lib/python3.10/site-packages:${PYTHONPATH} /usr/bin/python3 -W ignore:setup.py install is deprecated setup.py egg_info --egg-base ../../build/bbot build --build-base /home/z1mmer/Documents/robotics/upmoon25/build/bbot/build install --record /home/z1mmer/Documents/robotics/upmoon25/build/bbot/install.log --single-version-externally-managed install_data
