[0.097s] DEBUG:colcon:Command line arguments: ['/usr/bin/colcon', 'build']
[0.098s] DEBUG:colcon:Parsed command line arguments: Namespace(log_base=None, log_level=None, verb_name='build', build_base='build', install_base='install', merge_install=False, symlink_install=False, test_result_base=None, continue_on_error=False, executor='parallel', parallel_workers=8, event_handlers=None, ignore_user_meta=False, metas=['./colcon.meta'], base_paths=['.'], packages_ignore=None, packages_ignore_regex=None, paths=None, packages_up_to=None, packages_up_to_regex=None, packages_above=None, packages_above_and_dependencies=None, packages_above_depth=None, packages_select_by_dep=None, packages_skip_by_dep=None, packages_skip_up_to=None, packages_select_build_failed=False, packages_skip_build_finished=False, packages_select_test_failures=False, packages_skip_test_passed=False, packages_select=None, packages_skip=None, packages_select_regex=None, packages_skip_regex=None, packages_start=None, packages_end=None, allow_overriding=[], cmake_args=None, cmake_target=None, cmake_target_skip_unavailable=False, cmake_clean_cache=False, cmake_clean_first=False, cmake_force_configure=False, ament_cmake_args=None, catkin_cmake_args=None, catkin_skip_building_tests=False, mixin_files=None, mixin=None, verb_parser=<colcon_mixin.mixin.mixin_argument.MixinArgumentDecorator object at 0x798d60942410>, verb_extension=<colcon_core.verb.build.BuildVerb object at 0x798d60a46a10>, main=<bound method BuildVerb.main of <colcon_core.verb.build.BuildVerb object at 0x798d60a46a10>>, mixin_verb=('build',))
[0.244s] Level 1:colcon.colcon_core.package_discovery:discover_packages(colcon_meta) check parameters
[0.244s] Level 1:colcon.colcon_core.package_discovery:discover_packages(recursive) check parameters
[0.244s] Level 1:colcon.colcon_core.package_discovery:discover_packages(ignore) check parameters
[0.245s] Level 1:colcon.colcon_core.package_discovery:discover_packages(path) check parameters
[0.245s] Level 1:colcon.colcon_core.package_discovery:discover_packages(colcon_meta) discover
[0.245s] Level 1:colcon.colcon_core.package_discovery:discover_packages(recursive) discover
[0.245s] INFO:colcon.colcon_core.package_discovery:Crawling recursively for packages in '/home/z1mmer/Documents/robotics/upmoon25'
[0.245s] Level 1:colcon.colcon_core.package_identification:_identify(.) by extensions ['ignore', 'ignore_ament_install']
[0.245s] Level 1:colcon.colcon_core.package_identification:_identify(.) by extension 'ignore'
[0.245s] Level 1:colcon.colcon_core.package_identification:_identify(.) by extension 'ignore_ament_install'
[0.245s] Level 1:colcon.colcon_core.package_identification:_identify(.) by extensions ['colcon_pkg']
[0.245s] Level 1:colcon.colcon_core.package_identification:_identify(.) by extension 'colcon_pkg'
[0.245s] Level 1:colcon.colcon_core.package_identification:_identify(.) by extensions ['colcon_meta']
[0.245s] Level 1:colcon.colcon_core.package_identification:_identify(.) by extension 'colcon_meta'
[0.245s] Level 1:colcon.colcon_core.package_identification:_identify(.) by extensions ['ros']
[0.245s] Level 1:colcon.colcon_core.package_identification:_identify(.) by extension 'ros'
[0.256s] Level 1:colcon.colcon_core.package_identification:_identify(.) by extensions ['cmake', 'python']
[0.256s] Level 1:colcon.colcon_core.package_identification:_identify(.) by extension 'cmake'
[0.256s] Level 1:colcon.colcon_core.package_identification:_identify(.) by extension 'python'
[0.256s] Level 1:colcon.colcon_core.package_identification:_identify(.) by extensions ['python_setup_py']
[0.256s] Level 1:colcon.colcon_core.package_identification:_identify(.) by extension 'python_setup_py'
[0.256s] Level 1:colcon.colcon_core.package_identification:_identify(build) by extensions ['ignore', 'ignore_ament_install']
[0.256s] Level 1:colcon.colcon_core.package_identification:_identify(build) by extension 'ignore'
[0.256s] Level 1:colcon.colcon_core.package_identification:_identify(build) ignored
[0.256s] Level 1:colcon.colcon_core.package_identification:_identify(install) by extensions ['ignore', 'ignore_ament_install']
[0.256s] Level 1:colcon.colcon_core.package_identification:_identify(install) by extension 'ignore'
[0.256s] Level 1:colcon.colcon_core.package_identification:_identify(install) ignored
[0.257s] Level 1:colcon.colcon_core.package_identification:_identify(log) by extensions ['ignore', 'ignore_ament_install']
[0.257s] Level 1:colcon.colcon_core.package_identification:_identify(log) by extension 'ignore'
[0.257s] Level 1:colcon.colcon_core.package_identification:_identify(log) ignored
[0.257s] Level 1:colcon.colcon_core.package_identification:_identify(src) by extensions ['ignore', 'ignore_ament_install']
[0.257s] Level 1:colcon.colcon_core.package_identification:_identify(src) by extension 'ignore'
[0.257s] Level 1:colcon.colcon_core.package_identification:_identify(src) by extension 'ignore_ament_install'
[0.257s] Level 1:colcon.colcon_core.package_identification:_identify(src) by extensions ['colcon_pkg']
[0.257s] Level 1:colcon.colcon_core.package_identification:_identify(src) by extension 'colcon_pkg'
[0.257s] Level 1:colcon.colcon_core.package_identification:_identify(src) by extensions ['colcon_meta']
[0.257s] Level 1:colcon.colcon_core.package_identification:_identify(src) by extension 'colcon_meta'
[0.257s] Level 1:colcon.colcon_core.package_identification:_identify(src) by extensions ['ros']
[0.257s] Level 1:colcon.colcon_core.package_identification:_identify(src) by extension 'ros'
[0.257s] Level 1:colcon.colcon_core.package_identification:_identify(src) by extensions ['cmake', 'python']
[0.257s] Level 1:colcon.colcon_core.package_identification:_identify(src) by extension 'cmake'
[0.257s] Level 1:colcon.colcon_core.package_identification:_identify(src) by extension 'python'
[0.257s] Level 1:colcon.colcon_core.package_identification:_identify(src) by extensions ['python_setup_py']
[0.257s] Level 1:colcon.colcon_core.package_identification:_identify(src) by extension 'python_setup_py'
[0.257s] Level 1:colcon.colcon_core.package_identification:_identify(src/bbot) by extensions ['ignore', 'ignore_ament_install']
[0.257s] Level 1:colcon.colcon_core.package_identification:_identify(src/bbot) by extension 'ignore'
[0.257s] Level 1:colcon.colcon_core.package_identification:_identify(src/bbot) by extension 'ignore_ament_install'
[0.257s] Level 1:colcon.colcon_core.package_identification:_identify(src/bbot) by extensions ['colcon_pkg']
[0.257s] Level 1:colcon.colcon_core.package_identification:_identify(src/bbot) by extension 'colcon_pkg'
[0.258s] Level 1:colcon.colcon_core.package_identification:_identify(src/bbot) by extensions ['colcon_meta']
[0.258s] Level 1:colcon.colcon_core.package_identification:_identify(src/bbot) by extension 'colcon_meta'
[0.258s] Level 1:colcon.colcon_core.package_identification:_identify(src/bbot) by extensions ['ros']
[0.258s] Level 1:colcon.colcon_core.package_identification:_identify(src/bbot) by extension 'ros'
[0.260s] DEBUG:colcon.colcon_core.package_identification:Package 'src/bbot' with type 'ros.ament_python' and name 'bbot'
[0.260s] Level 1:colcon.colcon_core.package_discovery:discover_packages(recursive) using defaults
[0.260s] Level 1:colcon.colcon_core.package_discovery:discover_packages(ignore) discover
[0.260s] Level 1:colcon.colcon_core.package_discovery:discover_packages(ignore) using defaults
[0.260s] Level 1:colcon.colcon_core.package_discovery:discover_packages(path) discover
[0.260s] Level 1:colcon.colcon_core.package_discovery:discover_packages(path) using defaults
[0.278s] Level 1:colcon.colcon_core.package_discovery:discover_packages(prefix_path) check parameters
[0.278s] Level 1:colcon.colcon_core.package_discovery:discover_packages(prefix_path) discover
[0.279s] DEBUG:colcon.colcon_installed_package_information.package_discovery:Found 1 installed packages in /home/z1mmer/Documents/robotics/upmoon25/install
[0.281s] DEBUG:colcon.colcon_installed_package_information.package_discovery:Found 293 installed packages in /opt/ros/humble
[0.293s] Level 1:colcon.colcon_core.package_discovery:discover_packages(prefix_path) using defaults
[0.327s] Level 5:colcon.colcon_core.verb:set package 'bbot' build argument 'cmake_args' from command line to 'None'
[0.327s] Level 5:colcon.colcon_core.verb:set package 'bbot' build argument 'cmake_target' from command line to 'None'
[0.327s] Level 5:colcon.colcon_core.verb:set package 'bbot' build argument 'cmake_target_skip_unavailable' from command line to 'False'
[0.327s] Level 5:colcon.colcon_core.verb:set package 'bbot' build argument 'cmake_clean_cache' from command line to 'False'
[0.327s] Level 5:colcon.colcon_core.verb:set package 'bbot' build argument 'cmake_clean_first' from command line to 'False'
[0.327s] Level 5:colcon.colcon_core.verb:set package 'bbot' build argument 'cmake_force_configure' from command line to 'False'
[0.327s] Level 5:colcon.colcon_core.verb:set package 'bbot' build argument 'ament_cmake_args' from command line to 'None'
[0.327s] Level 5:colcon.colcon_core.verb:set package 'bbot' build argument 'catkin_cmake_args' from command line to 'None'
[0.327s] Level 5:colcon.colcon_core.verb:set package 'bbot' build argument 'catkin_skip_building_tests' from command line to 'False'
[0.327s] DEBUG:colcon.colcon_core.verb:Building package 'bbot' with the following arguments: {'ament_cmake_args': None, 'build_base': '/home/z1mmer/Documents/robotics/upmoon25/build/bbot', 'catkin_cmake_args': None, 'catkin_skip_building_tests': False, 'cmake_args': None, 'cmake_clean_cache': False, 'cmake_clean_first': False, 'cmake_force_configure': False, 'cmake_target': None, 'cmake_target_skip_unavailable': False, 'install_base': '/home/z1mmer/Documents/robotics/upmoon25/install/bbot', 'merge_install': False, 'path': '/home/z1mmer/Documents/robotics/upmoon25/src/bbot', 'symlink_install': False, 'test_result_base': None}
[0.327s] INFO:colcon.colcon_core.executor:Executing jobs using 'parallel' executor
[0.329s] DEBUG:colcon.colcon_parallel_executor.executor.parallel:run_until_complete
[0.329s] INFO:colcon.colcon_ros.task.ament_python.build:Building ROS package in '/home/z1mmer/Documents/robotics/upmoon25/src/bbot' with build type 'ament_python'
[0.329s] Level 1:colcon.colcon_core.shell:create_environment_hook('bbot', 'ament_prefix_path')
[0.330s] INFO:colcon.colcon_core.plugin_system:Skipping extension 'colcon_core.shell.bat': Not used on non-Windows systems
[0.331s] INFO:colcon.colcon_core.shell:Creating environment hook '/home/z1mmer/Documents/robotics/upmoon25/install/bbot/share/bbot/hook/ament_prefix_path.ps1'
[0.331s] INFO:colcon.colcon_core.shell:Creating environment descriptor '/home/z1mmer/Documents/robotics/upmoon25/install/bbot/share/bbot/hook/ament_prefix_path.dsv'
[0.332s] INFO:colcon.colcon_core.shell:Creating environment hook '/home/z1mmer/Documents/robotics/upmoon25/install/bbot/share/bbot/hook/ament_prefix_path.sh'
[0.332s] INFO:colcon.colcon_core.shell:Skip shell extension 'powershell' for command environment: Not usable outside of PowerShell
[0.332s] DEBUG:colcon.colcon_core.shell:Skip shell extension 'dsv' for command environment
[0.584s] INFO:colcon.colcon_core.task.python.build:Building Python package in '/home/z1mmer/Documents/robotics/upmoon25/src/bbot'
[0.585s] INFO:colcon.colcon_core.shell:Skip shell extension 'powershell' for command environment: Not usable outside of PowerShell
[0.585s] DEBUG:colcon.colcon_core.shell:Skip shell extension 'dsv' for command environment
[0.916s] DEBUG:colcon.colcon_core.event_handler.log_command:Invoking command in '/home/z1mmer/Documents/robotics/upmoon25/src/bbot': PYTHONPATH=/home/z1mmer/Documents/robotics/upmoon25/build/bbot/prefix_override:/usr/lib/python3/dist-packages/colcon_core/task/python/colcon_distutils_commands:/home/z1mmer/Documents/robotics/upmoon25/install/bbot/lib/python3.10/site-packages:${PYTHONPATH} /usr/bin/python3 -W ignore:setup.py install is deprecated setup.py egg_info --egg-base ../../build/bbot build --build-base /home/z1mmer/Documents/robotics/upmoon25/build/bbot/build install --record /home/z1mmer/Documents/robotics/upmoon25/build/bbot/install.log --single-version-externally-managed install_data
[1.197s] DEBUG:colcon.colcon_core.event_handler.log_command:Invoked command in '/home/z1mmer/Documents/robotics/upmoon25/src/bbot' returned '0': PYTHONPATH=/home/z1mmer/Documents/robotics/upmoon25/build/bbot/prefix_override:/usr/lib/python3/dist-packages/colcon_core/task/python/colcon_distutils_commands:/home/z1mmer/Documents/robotics/upmoon25/install/bbot/lib/python3.10/site-packages:${PYTHONPATH} /usr/bin/python3 -W ignore:setup.py install is deprecated setup.py egg_info --egg-base ../../build/bbot build --build-base /home/z1mmer/Documents/robotics/upmoon25/build/bbot/build install --record /home/z1mmer/Documents/robotics/upmoon25/build/bbot/install.log --single-version-externally-managed install_data
[1.199s] Level 1:colcon.colcon_core.environment:checking '/home/z1mmer/Documents/robotics/upmoon25/install/bbot' for CMake module files
[1.200s] Level 1:colcon.colcon_core.environment:checking '/home/z1mmer/Documents/robotics/upmoon25/install/bbot' for CMake config files
[1.200s] Level 1:colcon.colcon_core.environment:checking '/home/z1mmer/Documents/robotics/upmoon25/install/bbot/lib'
[1.200s] Level 1:colcon.colcon_core.environment:checking '/home/z1mmer/Documents/robotics/upmoon25/install/bbot/bin'
[1.200s] Level 1:colcon.colcon_core.environment:checking '/home/z1mmer/Documents/robotics/upmoon25/install/bbot/lib/pkgconfig/bbot.pc'
[1.201s] Level 1:colcon.colcon_core.environment:checking '/home/z1mmer/Documents/robotics/upmoon25/install/bbot/lib/python3.10/site-packages'
[1.201s] Level 1:colcon.colcon_core.shell:create_environment_hook('bbot', 'pythonpath')
[1.201s] INFO:colcon.colcon_core.shell:Creating environment hook '/home/z1mmer/Documents/robotics/upmoon25/install/bbot/share/bbot/hook/pythonpath.ps1'
[1.201s] INFO:colcon.colcon_core.shell:Creating environment descriptor '/home/z1mmer/Documents/robotics/upmoon25/install/bbot/share/bbot/hook/pythonpath.dsv'
[1.202s] INFO:colcon.colcon_core.shell:Creating environment hook '/home/z1mmer/Documents/robotics/upmoon25/install/bbot/share/bbot/hook/pythonpath.sh'
[1.202s] Level 1:colcon.colcon_core.environment:checking '/home/z1mmer/Documents/robotics/upmoon25/install/bbot/bin'
[1.202s] Level 1:colcon.colcon_core.environment:create_environment_scripts_only(bbot)
[1.202s] INFO:colcon.colcon_core.shell:Creating package script '/home/z1mmer/Documents/robotics/upmoon25/install/bbot/share/bbot/package.ps1'
[1.203s] INFO:colcon.colcon_core.shell:Creating package descriptor '/home/z1mmer/Documents/robotics/upmoon25/install/bbot/share/bbot/package.dsv'
[1.204s] INFO:colcon.colcon_core.shell:Creating package script '/home/z1mmer/Documents/robotics/upmoon25/install/bbot/share/bbot/package.sh'
[1.204s] INFO:colcon.colcon_core.shell:Creating package script '/home/z1mmer/Documents/robotics/upmoon25/install/bbot/share/bbot/package.bash'
[1.205s] INFO:colcon.colcon_core.shell:Creating package script '/home/z1mmer/Documents/robotics/upmoon25/install/bbot/share/bbot/package.zsh'
[1.205s] Level 1:colcon.colcon_core.environment:create_file_with_runtime_dependencies(/home/z1mmer/Documents/robotics/upmoon25/install/bbot/share/colcon-core/packages/bbot)
[1.206s] DEBUG:colcon.colcon_parallel_executor.executor.parallel:closing loop
[1.206s] DEBUG:colcon.colcon_parallel_executor.executor.parallel:loop closed
[1.206s] DEBUG:colcon.colcon_parallel_executor.executor.parallel:run_until_complete finished with '0'
[1.206s] DEBUG:colcon.colcon_core.event_reactor:joining thread
[1.211s] INFO:colcon.colcon_core.plugin_system:Skipping extension 'colcon_notification.desktop_notification.terminal_notifier': Not used on non-Darwin systems
[1.211s] INFO:colcon.colcon_core.plugin_system:Skipping extension 'colcon_notification.desktop_notification.win32': Not used on non-Windows systems
[1.211s] INFO:colcon.colcon_notification.desktop_notification:Sending desktop notification using 'notify2'
[1.220s] DEBUG:colcon.colcon_core.event_reactor:joined thread
[1.220s] INFO:colcon.colcon_core.shell:Creating prefix script '/home/z1mmer/Documents/robotics/upmoon25/install/local_setup.ps1'
[1.221s] INFO:colcon.colcon_core.shell:Creating prefix util module '/home/z1mmer/Documents/robotics/upmoon25/install/_local_setup_util_ps1.py'
[1.223s] INFO:colcon.colcon_core.shell:Creating prefix chain script '/home/z1mmer/Documents/robotics/upmoon25/install/setup.ps1'
[1.224s] INFO:colcon.colcon_core.shell:Creating prefix script '/home/z1mmer/Documents/robotics/upmoon25/install/local_setup.sh'
[1.224s] INFO:colcon.colcon_core.shell:Creating prefix util module '/home/z1mmer/Documents/robotics/upmoon25/install/_local_setup_util_sh.py'
[1.225s] INFO:colcon.colcon_core.shell:Creating prefix chain script '/home/z1mmer/Documents/robotics/upmoon25/install/setup.sh'
[1.226s] INFO:colcon.colcon_core.shell:Creating prefix script '/home/z1mmer/Documents/robotics/upmoon25/install/local_setup.bash'
[1.226s] INFO:colcon.colcon_core.shell:Creating prefix chain script '/home/z1mmer/Documents/robotics/upmoon25/install/setup.bash'
[1.227s] INFO:colcon.colcon_core.shell:Creating prefix script '/home/z1mmer/Documents/robotics/upmoon25/install/local_setup.zsh'
[1.228s] INFO:colcon.colcon_core.shell:Creating prefix chain script '/home/z1mmer/Documents/robotics/upmoon25/install/setup.zsh'
