running egg_info
writing ../../build/bbot/bbot.egg-info/PKG-INFO
writing dependency_links to ../../build/bbot/bbot.egg-info/dependency_links.txt
writing entry points to ../../build/bbot/bbot.egg-info/entry_points.txt
writing requirements to ../../build/bbot/bbot.egg-info/requires.txt
writing top-level names to ../../build/bbot/bbot.egg-info/top_level.txt
reading manifest file '../../build/bbot/bbot.egg-info/SOURCES.txt'
adding license file 'LICENSE'
writing manifest file '../../build/bbot/bbot.egg-info/SOURCES.txt'
running build
running build_py
copying bbot/bbot_driver.py -> /home/z1mmer/Documents/robotics/upmoon25/build/bbot/build/lib/bbot
running install
running install_lib
copying /home/z1mmer/Documents/robotics/upmoon25/build/bbot/build/lib/bbot/bbot_driver.py -> /home/z1mmer/Documents/robotics/upmoon25/install/bbot/lib/python3.10/site-packages/bbot
byte-compiling /home/z1mmer/Documents/robotics/upmoon25/install/bbot/lib/python3.10/site-packages/bbot/bbot_driver.py to bbot_driver.cpython-310.pyc
running install_data
copying package.xml -> /home/z1mmer/Documents/robotics/upmoon25/install/bbot/share/bbot
running install_egg_info
removing '/home/z1mmer/Documents/robotics/upmoon25/install/bbot/lib/python3.10/site-packages/bbot-0.0.0-py3.10.egg-info' (and everything under it)
Copying ../../build/bbot/bbot.egg-info to /home/z1mmer/Documents/robotics/upmoon25/install/bbot/lib/python3.10/site-packages/bbot-0.0.0-py3.10.egg-info
running install_scripts
Installing talker script to /home/z1mmer/Documents/robotics/upmoon25/install/bbot/lib/bbot
writing list of installed files to '/home/z1mmer/Documents/robotics/upmoon25/build/bbot/install.log'
